# JRE version: OpenJDK Runtime Environment Temurin-11.0.12+7 (11.0.12+7) (build 11.0.12+7)
# Java VM: OpenJDK 64-Bit Server VM Temurin-11.0.12+7 (11.0.12+7, mixed mode, tiered, compressed oops, g1 gc, windows-amd64)
Heap:
 garbage-first heap   total 177152K, used 141815K [0x00000000e0000000, 0x0000000100000000)
  region size 1024K, 9 young (9216K), 1 survivors (1024K)
 Metaspace       used 29442K, capacity 29958K, committed 30080K, reserved 1075200K
  class space    used 3159K, capacity 3393K, committed 3456K, reserved 1048576K
GC Heap History (20 events):
Event: 5.633 GC heap before
{Heap before GC invocations=26 (full 0):
 garbage-first heap   total 128000K, used 90614K [0x00000000e0000000, 0x0000000100000000)
  region size 1024K, 6 young (6144K), 3 survivors (3072K)
 Metaspace       used 28625K, capacity 29110K, committed 29184K, reserved 1075200K
  class space    used 3067K, capacity 3281K, committed 3328K, reserved 1048576K
}
Event: 5.643 GC heap after
{Heap after GC invocations=27 (full 0):
 garbage-first heap   total 128000K, used 82940K [0x00000000e0000000, 0x0000000100000000)
  region size 1024K, 1 young (1024K), 1 survivors (1024K)
 Metaspace       used 28625K, capacity 29110K, committed 29184K, reserved 1075200K
  class space    used 3067K, capacity 3281K, committed 3328K, reserved 1048576K
}
Event: 5.697 GC heap before
{Heap before GC invocations=27 (full 0):
 garbage-first heap   total 128000K, used 88060K [0x00000000e0000000, 0x0000000100000000)
  region size 1024K, 6 young (6144K), 1 survivors (1024K)
 Metaspace       used 28743K, capacity 29250K, committed 29440K, reserved 1075200K
  class space    used 3083K, capacity 3285K, committed 3328K, reserved 1048576K
}
Event: 5.703 GC heap after
{Heap after GC invocations=28 (full 0):
 garbage-first heap   total 146432K, used 83451K [0x00000000e0000000, 0x0000000100000000)
  region size 1024K, 1 young (1024K), 1 survivors (1024K)
 Metaspace       used 28743K, capacity 29250K, committed 29440K, reserved 1075200K
  class space    used 3083K, capacity 3285K, committed 3328K, reserved 1048576K
}
Event: 5.815 GC heap before
{Heap before GC invocations=28 (full 0):
 garbage-first heap   total 146432K, used 108027K [0x00000000e0000000, 0x0000000100000000)
  region size 1024K, 26 young (26624K), 1 survivors (1024K)
 Metaspace       used 28747K, capacity 29250K, committed 29440K, reserved 1075200K
  class space    used 3083K, capacity 3285K, committed 3328K, reserved 1048576K
}
Event: 5.818 GC heap after
{Heap after GC invocations=29 (full 0):
 garbage-first heap   total 146432K, used 87432K [0x00000000e0000000, 0x0000000100000000)
  region size 1024K, 4 young (4096K), 4 survivors (4096K)
 Metaspace       used 28747K, capacity 29250K, committed 29440K, reserved 1075200K
  class space    used 3083K, capacity 3285K, committed 3328K, reserved 1048576K
}
Event: 6.064 GC heap before
{Heap before GC invocations=29 (full 0):
 garbage-first heap   total 146432K, used 122248K [0x00000000e0000000, 0x0000000100000000)
  region size 1024K, 28 young (28672K), 4 survivors (4096K)
 Metaspace       used 28747K, capacity 29250K, committed 29440K, reserved 1075200K
  class space    used 3083K, capacity 3285K, committed 3328K, reserved 1048576K
}
Event: 6.071 GC heap after
{Heap after GC invocations=30 (full 0):
 garbage-first heap   total 146432K, used 103907K [0x00000000e0000000, 0x0000000100000000)
  region size 1024K, 4 young (4096K), 4 survivors (4096K)
 Metaspace       used 28747K, capacity 29250K, committed 29440K, reserved 1075200K
  class space    used 3083K, capacity 3285K, committed 3328K, reserved 1048576K
}
Event: 6.299 GC heap before
{Heap before GC invocations=30 (full 0):
 garbage-first heap   total 146432K, used 128483K [0x00000000e0000000, 0x0000000100000000)
  region size 1024K, 16 young (16384K), 4 survivors (4096K)
 Metaspace       used 28760K, capacity 29250K, committed 29440K, reserved 1075200K
  class space    used 3085K, capacity 3285K, committed 3328K, reserved 1048576K
}
Event: 6.314 GC heap after
{Heap after GC invocations=31 (full 0):
 garbage-first heap   total 146432K, used 122707K [0x00000000e0000000, 0x0000000100000000)
  region size 1024K, 2 young (2048K), 2 survivors (2048K)
 Metaspace       used 28760K, capacity 29250K, committed 29440K, reserved 1075200K
  class space    used 3085K, capacity 3285K, committed 3328K, reserved 1048576K
}
Event: 6.409 GC heap before
{Heap before GC invocations=31 (full 0):
 garbage-first heap   total 146432K, used 128851K [0x00000000e0000000, 0x0000000100000000)
  region size 1024K, 7 young (7168K), 2 survivors (2048K)
 Metaspace       used 28760K, capacity 29250K, committed 29440K, reserved 1075200K
  class space    used 3085K, capacity 3285K, committed 3328K, reserved 1048576K
}
Event: 6.417 GC heap after
{Heap after GC invocations=32 (full 0):
 garbage-first heap   total 146432K, used 129404K [0x00000000e0000000, 0x0000000100000000)
  region size 1024K, 1 young (1024K), 1 survivors (1024K)
 Metaspace       used 28760K, capacity 29250K, committed 29440K, reserved 1075200K
  class space    used 3085K, capacity 3285K, committed 3328K, reserved 1048576K
}
Event: 6.553 GC heap before
{Heap before GC invocations=33 (full 0):
 garbage-first heap   total 146432K, used 128380K [0x00000000e0000000, 0x0000000100000000)
  region size 1024K, 7 young (7168K), 1 survivors (1024K)
 Metaspace       used 28760K, capacity 29250K, committed 29440K, reserved 1075200K
  class space    used 3085K, capacity 3285K, committed 3328K, reserved 1048576K
}
Event: 6.558 GC heap after
{Heap after GC invocations=34 (full 0):
 garbage-first heap   total 161792K, used 127202K [0x00000000e0000000, 0x0000000100000000)
  region size 1024K, 1 young (1024K), 1 survivors (1024K)
 Metaspace       used 28760K, capacity 29250K, committed 29440K, reserved 1075200K
  class space    used 3085K, capacity 3285K, committed 3328K, reserved 1048576K
}
Event: 6.651 GC heap before
{Heap before GC invocations=34 (full 0):
 garbage-first heap   total 161792K, used 139490K [0x00000000e0000000, 0x0000000100000000)
  region size 1024K, 7 young (7168K), 1 survivors (1024K)
 Metaspace       used 28760K, capacity 29250K, committed 29440K, reserved 1075200K
  class space    used 3085K, capacity 3285K, committed 3328K, reserved 1048576K
}
Event: 6.665 GC heap after
{Heap after GC invocations=35 (full 0):
 garbage-first heap   total 161792K, used 132891K [0x00000000e0000000, 0x0000000100000000)
  region size 1024K, 1 young (1024K), 1 survivors (1024K)
 Metaspace       used 28760K, capacity 29250K, committed 29440K, reserved 1075200K
  class space    used 3085K, capacity 3285K, committed 3328K, reserved 1048576K
}
Event: 6.753 GC heap before
{Heap before GC invocations=35 (full 0):
 garbage-first heap   total 161792K, used 141083K [0x00000000e0000000, 0x0000000100000000)
  region size 1024K, 7 young (7168K), 1 survivors (1024K)
 Metaspace       used 29053K, capacity 29480K, committed 29696K, reserved 1075200K
  class space    used 3118K, capacity 3319K, committed 3328K, reserved 1048576K
}
Event: 6.759 GC heap after
{Heap after GC invocations=36 (full 0):
 garbage-first heap   total 161792K, used 137095K [0x00000000e0000000, 0x0000000100000000)
  region size 1024K, 1 young (1024K), 1 survivors (1024K)
 Metaspace       used 29053K, capacity 29480K, committed 29696K, reserved 1075200K
  class space    used 3118K, capacity 3319K, committed 3328K, reserved 1048576K
}
Event: 6.793 GC heap before
{Heap before GC invocations=36 (full 0):
 garbage-first heap   total 161792K, used 143239K [0x00000000e0000000, 0x0000000100000000)
  region size 1024K, 7 young (7168K), 1 survivors (1024K)
 Metaspace       used 29053K, capacity 29480K, committed 29696K, reserved 1075200K
  class space    used 3118K, capacity 3319K, committed 3328K, reserved 1048576K
}
Event: 6.797 GC heap after
{Heap after GC invocations=37 (full 0):
 garbage-first heap   total 161792K, used 138901K [0x00000000e0000000, 0x0000000100000000)
  region size 1024K, 1 young (1024K), 1 survivors (1024K)
 Metaspace       used 29053K, capacity 29480K, committed 29696K, reserved 1075200K
  class space    used 3118K, capacity 3319K, committed 3328K, reserved 1048576K
}

